z:\cs553\samplew\debug\sample.obj
z:\cs553\samplew\debug\vc100.pdb
z:\cs553~1\samplew\debug\sample.obj
z:\cs553~1\samplew\debug\vc100.pdb
k:\cs550\sample\debug\sample.obj
k:\cs550\sample\debug\vc100.pdb
k:\cs550\samplefreeglut\debug\sample.obj
k:\cs550\samplefreeglut\debug\vc100.pdb
z:\cs553\samplew\debug\sample.exe
z:\cs553\samplew\debug\sample.exe.intermediate.manifest
z:\cs553\samplew\debug\sample.pdb
z:\cs553~1\samplew\debug\sample.exe
z:\cs553~1\samplew\debug\sample.exe.intermediate.manifest
z:\cs553~1\samplew\debug\sample.pdb
k:\cs550\sample\debug\sample.exe
k:\cs550\sample\debug\sample.exe.intermediate.manifest
k:\cs550\sample\debug\sample.pdb
k:\cs550\samplefreeglut\debug\sample.pdb
k:\cs550\samplefreeglut\debug\sample.exe
d:\samplefreeglut2019\debug\vc142.pdb
d:\samplefreeglut2019\debug\vc142.idb
d:\samplefreeglut2019\debug\sample.obj
d:\samplefreeglut2019\debug\sample.exe
d:\samplefreeglut2019\debug\sample.pdb
d:\cs450\project 4\debug\sample.vcxprojresolveassemblyreference.cache
d:\cs450\project 4\debug\cl.command.1.tlog
d:\cs450\project 4\debug\cl.read.1.tlog
d:\cs450\project 4\debug\cl.write.1.tlog
d:\cs450\project 4\debug\link.command.1.tlog
d:\cs450\project 4\debug\link.read.1.tlog
d:\cs450\project 4\debug\link.write.1.tlog
d:\cs450\project 4\debug\mt.command.1.tlog
d:\cs450\project 4\debug\mt.read.1.tlog
d:\cs450\project 4\debug\mt.write.1.tlog
d:\cs450\project 4\debug\sample.write.1.tlog
d:\cs450\project 4\debug\vc120.idb
d:\cs450\project 4\debug\vc140.idb
d:\cs450\project 4\debug\vc141.idb
d:\cs450\project 4\debug\vc120.pdb
d:\cs450\project 4\debug\vc140.pdb
d:\cs450\project 4\debug\vc141.pdb
d:\cs450\project 4\debug\sample.tlog\cl.command.1.tlog
d:\cs450\project 4\debug\sample.tlog\cl.read.1.tlog
d:\cs450\project 4\debug\sample.tlog\cl.write.1.tlog
d:\cs450\project 4\debug\sample.tlog\link.command.1.tlog
d:\cs450\project 4\debug\sample.tlog\link.delete.1.tlog
d:\cs450\project 4\debug\sample.tlog\link.read.1.tlog
d:\cs450\project 4\debug\sample.tlog\link.write.1.tlog
